Fitness app/app/build/intermediates/manifest_merge_blame_file/debug/manifest-merger-blame-debug-report.txt
1<?xml version="1.0" encoding="utf-8"?>
2<manifest xmlns:android="http://schemas.android.com/apk/res/android"
3    package="com.easyfitness"
4    android:versionCode="31"
5    android:versionName="0.17.3" >
6
7    <uses-sdk
8        android:minSdkVersion="21"
8-->src\main\AndroidManifest.xml
9        android:targetSdkVersion="28" />
9-->src\main\AndroidManifest.xml
10
11    <uses-permission android:name="android.permission.VIBRATE" />
11-->src\main\AndroidManifest.xml:6:5-66
11-->src\main\AndroidManifest.xml:6:22-63
12    <uses-permission android:name="android.permission.READ_EXTERNAL_STORAGE" />
12-->src\main\AndroidManifest.xml:7:5-80
12-->src\main\AndroidManifest.xml:7:22-77
13    <uses-permission android:name="android.permission.WRITE_EXTERNAL_STORAGE" />
13-->src\main\AndroidManifest.xml:8:5-81
13-->src\main\AndroidManifest.xml:8:22-78
14    <uses-permission android:name="android.permission.ACTION_HEADSET_PLUG" />
14-->src\main\AndroidManifest.xml:9:5-78
14-->src\main\AndroidManifest.xml:9:22-75
15    <uses-permission android:name="android.permission.CAMERA" />
15-->src\main\AndroidManifest.xml:10:5-65
15-->src\main\AndroidManifest.xml:10:22-62
16
17    <uses-feature
17-->src\main\AndroidManifest.xml:12:5-14:36
18        android:name="android.hardware.camera"
18-->src\main\AndroidManifest.xml:13:9-47
19        android:required="false" />
19-->src\main\AndroidManifest.xml:14:9-33
20
21    <application
21-->src\main\AndroidManifest.xml:16:5-58:19
22        android:allowBackup="true"
22-->src\main\AndroidManifest.xml:17:9-35
23        android:appComponentFactory="androidx.core.app.CoreComponentFactory"
23-->[androidx.core:core:1.1.0-alpha04] AndroidManifest.xml:22:18-86
24        android:debuggable="true"
25        android:icon="@mipmap/ic_launcher"
25-->src\main\AndroidManifest.xml:18:9-43
26        android:label="Fast Fit"
26-->src\main\AndroidManifest.xml:19:9-33
27        android:testOnly="true"
28        android:theme="@style/AppTheme" >
28-->src\main\AndroidManifest.xml:20:9-40
29        <activity
29-->src\main\AndroidManifest.xml:22:9-31:20
30            android:name="com.easyfitness.MainActivity"
30-->src\main\AndroidManifest.xml:23:13-41
31            android:configChanges="orientation|screenSize"
31-->src\main\AndroidManifest.xml:24:13-59
32            android:label="Fast Fit"
32-->src\main\AndroidManifest.xml:25:13-37
33            android:windowSoftInputMode="stateUnchanged" >
33-->src\main\AndroidManifest.xml:26:13-57
34            <intent-filter>
34-->src\main\AndroidManifest.xml:27:13-30:29
35                <action android:name="android.intent.action.MAIN" />
35-->src\main\AndroidManifest.xml:28:17-69
35-->src\main\AndroidManifest.xml:28:25-66
36
37                <category android:name="android.intent.category.LAUNCHER" />
37-->src\main\AndroidManifest.xml:29:17-77
37-->src\main\AndroidManifest.xml:29:27-74
38            </intent-filter>
39        </activity>
40        <activity
40-->src\main\AndroidManifest.xml:32:9-34:50
41            android:name="com.easyfitness.intro.MainIntroActivity"
41-->src\main\AndroidManifest.xml:33:13-52
42            android:theme="@style/Theme.Intro" />
42-->src\main\AndroidManifest.xml:34:13-47
43        <activity
43-->src\main\AndroidManifest.xml:35:9-37:59
44            android:name="com.theartofdev.edmodo.cropper.CropImageActivity"
44-->src\main\AndroidManifest.xml:36:13-76
45            android:theme="@style/Base.Theme.AppCompat" />
45-->src\main\AndroidManifest.xml:37:13-56
46
47        <meta-data
47-->src\main\AndroidManifest.xml:40:9-42:60
48            android:name="firebase_crash_collection_enabled"
48-->src\main\AndroidManifest.xml:41:13-61
49            android:value="@bool/FIREBASE_CRASH_ENABLED" />
49-->src\main\AndroidManifest.xml:42:13-57
50
51        <provider
52            android:name="androidx.core.content.FileProvider"
52-->src\main\AndroidManifest.xml:45:13-62
53            android:authorities="com.easyfitness.provider"
53-->src\main\AndroidManifest.xml:46:13-60
54            android:exported="false"
54-->src\main\AndroidManifest.xml:47:13-37
55            android:grantUriPermissions="true" >
55-->src\main\AndroidManifest.xml:48:13-47
56            <meta-data
56-->src\main\AndroidManifest.xml:49:13-51:58
57                android:name="android.support.FILE_PROVIDER_PATHS"
57-->src\main\AndroidManifest.xml:50:17-67
58                android:resource="@xml/provider_paths" />
58-->src\main\AndroidManifest.xml:51:17-55
59        </provider>
60
61        <receiver
61-->src\main\AndroidManifest.xml:54:9-56:41
62            android:name="com.easyfitness.utils.AlarmReceiver"
62-->src\main\AndroidManifest.xml:55:13-48
63            android:process=":remote" />
63-->src\main\AndroidManifest.xml:56:13-38
64    </application>
65
66</manifest>